{"/Users/David/Desktop/UHRninja/ninja-backend-authsrv/tests.js":{"path":"/Users/David/Desktop/UHRninja/ninja-backend-authsrv/tests.js","s":{"1":1},"b":{},"f":{},"fnMap":{},"statementMap":{"1":{"start":{"line":5,"column":0},"end":{"line":5,"column":28}}},"branchMap":{}},"/Users/David/Desktop/UHRninja/ninja-backend-authsrv/src/config.js":{"path":"/Users/David/Desktop/UHRninja/ninja-backend-authsrv/src/config.js","s":{"1":1,"2":1,"3":1,"4":1},"b":{"1":[1,1]},"f":{},"fnMap":{},"statementMap":{"1":{"start":{"line":3,"column":0},"end":{"line":5,"column":3}},"2":{"start":{"line":6,"column":0},"end":{"line":14,"column":2}},"3":{"start":{"line":20,"column":0},"end":{"line":20,"column":67}},"4":{"start":{"line":21,"column":0},"end":{"line":21,"column":36}}},"branchMap":{"1":{"line":20,"type":"binary-expr","locations":[{"start":{"line":20,"column":28},"end":{"line":20,"column":48}},{"start":{"line":20,"column":52},"end":{"line":20,"column":65}}]}}}}